<?xml version="1.0" encoding="UTF-8"?>
<!-- Generated by org.testng.reporters.JUnitXMLReporter -->
<testsuite hostname="localhost.localdomain" ignored="0" name="SignIn" tests="4" failures="0" timestamp="12 Feb 2018 08:45:25 GMT" time="26.888" errors="0">
  <testcase name="HomePage" time="3.963" classname="testng_Framework.SignInTest"/>
  <testcase name="openSignInPage" time="0.909" classname="testng_Framework.SignInTest"/>
  <testcase name="signIn" time="11.497" classname="testng_Framework.SignInTest"/>
  <testcase name="signIn" time="9.583" classname="testng_Framework.SignInTest"/>
</testsuite> <!-- SignIn -->
