<?xml version="1.0" encoding="UTF-8"?>
<!-- Generated by org.testng.reporters.JUnitXMLReporter -->
<testsuite hostname="localhost.localdomain" ignored="0" name="SignIn(failed)" tests="3" failures="0" timestamp="16 Feb 2018 09:11:00 GMT" time="24.374" errors="0">
  <testcase name="HomePage" time="4.875" classname="testng_Framework.SignInTest"/>
  <testcase name="openSignInPage" time="4.121" classname="testng_Framework.SignInTest"/>
  <testcase name="signIn" time="14.123" classname="testng_Framework.SignInTest"/>
</testsuite> <!-- SignIn(failed) -->
